\BOOKMARK [1][-]{section*.5}{\376\377\004\022\004\022\004\025\004\024\004\025\004\035\004\030\004\025}{}% 1
\BOOKMARK [1][-]{section.1}{\376\377\004\020\004\075\004\060\004\073\004\070\004\067\000\040\004\077\004\100\004\065\004\064\004\074\004\065\004\102\004\075\004\076\004\071\000\040\004\076\004\061\004\073\004\060\004\101\004\102\004\070}{}% 2
\BOOKMARK [2][-]{subsection.1.1}{\376\377\004\030\004\101\004\102\004\076\004\100\004\070\004\117\000\040\004\101\004\076\004\067\004\064\004\060\004\075\004\070\004\117\000\040\004\102\004\100\004\121\004\105\004\074\004\065\004\100\004\075\004\076\004\071\000\040\004\072\004\076\004\074\004\077\004\114\004\116\004\102\004\065\004\100\004\075\004\076\004\071\000\040\004\063\004\100\004\060\004\104\004\070\004\072\004\070}{section.1}% 3
\BOOKMARK [2][-]{subsection.1.2}{\376\377\004\036\004\101\004\075\004\076\004\062\004\075\004\113\004\065\000\040\004\077\004\100\004\070\004\075\004\106\004\070\004\077\004\113\000\040\004\100\004\060\004\061\004\076\004\102\004\113\000\040\004\102\004\100\004\121\004\105\004\074\004\065\004\100\004\075\004\076\004\071\000\040\004\063\004\100\004\060\004\104\004\070\004\072\004\070}{section.1}% 4
\BOOKMARK [2][-]{subsection.1.3}{\376\377\004\040\004\060\004\061\004\076\004\102\004\060\000\040\004\101\000\040\000O\000p\000e\000n\000G\000L}{section.1}% 5
\BOOKMARK [3][-]{subsubsection.1.3.1}{\376\377\004\044\004\103\004\075\004\072\004\106\004\070\004\070\000\040\004\070\000\040\004\076\004\077\004\065\004\100\004\060\004\102\004\076\004\100\004\113\000\040\000O\000p\000e\000n\000G\000L}{subsection.1.3}% 6
\BOOKMARK [3][-]{subsubsection.1.3.2}{\376\377\004\030\004\075\004\102\004\065\004\100\004\104\004\065\004\071\004\101\000\040\000O\000p\000e\000n\000G\000L}{subsection.1.3}% 7
\BOOKMARK [3][-]{subsubsection.1.3.3}{\376\377\004\020\004\100\004\105\004\070\004\102\004\065\004\072\004\102\004\103\004\100\004\060\000\040\000O\000p\000e\000n\000G\000L}{subsection.1.3}% 8
\BOOKMARK [3][-]{subsubsection.1.3.4}{\376\377\004\040\004\060\004\061\004\076\004\102\004\060\000\040\004\101\000\040\000O\000p\000e\000n\000T\000K}{subsection.1.3}% 9
\BOOKMARK [2][-]{subsection.1.4}{\376\377\004\034\004\060\004\102\004\065\004\074\004\060\004\102\004\070\004\072\004\060\000\040\004\076\004\101\004\062\004\065\004\111\004\065\004\075\004\070\004\117\000\040\004\062\000\040\004\102\004\100\004\121\004\105\004\074\004\065\004\100\004\075\004\076\004\071\000\040\004\063\004\100\004\060\004\104\004\070\004\072\004\065}{section.1}% 10
\BOOKMARK [3][-]{subsubsection.1.4.1}{\376\377\004\040\004\060\004\101\004\101\004\065\004\117\004\075\004\075\004\113\004\071\000\040\004\101\004\062\004\065\004\102}{subsection.1.4}% 11
\BOOKMARK [3][-]{subsubsection.1.4.2}{\376\377\004\036\004\061\004\111\004\070\004\071\000\040\004\101\004\062\004\065\004\102}{subsection.1.4}% 12
\BOOKMARK [3][-]{subsubsection.1.4.3}{\376\377\004\036\004\102\004\100\004\060\004\066\004\065\004\075\004\075\004\113\004\071\000\040\004\101\004\062\004\065\004\102}{subsection.1.4}% 13
\BOOKMARK [3][-]{subsubsection.1.4.4}{\376\377\004\030\004\101\004\077\004\103\004\101\004\072\004\060\004\065\004\074\004\113\004\071\000\040\004\101\004\062\004\065\004\102}{subsection.1.4}% 14
\BOOKMARK [2][-]{subsection.1.5}{\376\377\004\020\004\104\004\104\004\070\004\075\004\075\004\113\004\065\000\040\004\077\004\100\004\065\004\076\004\061\004\100\004\060\004\067\004\076\004\062\004\060\004\075\004\070\004\117\000\040\004\102\004\100\004\121\004\105\004\074\004\065\004\100\004\075\004\076\004\063\004\076\000\040\004\077\004\100\004\076\004\101\004\102\004\100\004\060\004\075\004\101\004\102\004\062\004\060}{section.1}% 15
\BOOKMARK [3][-]{subsubsection.1.5.1}{\376\377\004\037\004\060\004\100\004\060\004\073\004\073\004\065\004\073\004\114\004\075\004\113\004\071\000\040\004\077\004\065\004\100\004\065\004\075\004\076\004\101}{subsection.1.5}% 16
\BOOKMARK [3][-]{subsubsection.1.5.2}{\376\377\004\037\004\076\004\062\004\076\004\100\004\076\004\102\000\040\004\062\004\076\004\072\004\100\004\103\004\063\000\040\004\076\004\101\004\070}{subsection.1.5}% 17
\BOOKMARK [3][-]{subsubsection.1.5.3}{\376\377\004\034\004\060\004\101\004\110\004\102\004\060\004\061\004\070\004\100\004\076\004\062\004\060\004\075\004\070\004\065}{subsection.1.5}% 18
\BOOKMARK [1][-]{section.2}{\376\377\004\042\004\065\004\105\004\075\004\070\004\107\004\065\004\101\004\072\004\076\004\065\000\040\004\067\004\060\004\064\004\060\004\075\004\070\004\065}{}% 19
\BOOKMARK [2][-]{subsection.2.1}{\376\377\004\036\004\101\004\075\004\076\004\062\004\060\004\075\004\070\004\065\000\040\004\064\004\073\004\117\000\040\004\100\004\060\004\067\004\100\004\060\004\061\004\076\004\102\004\072\004\070}{section.2}% 20
\BOOKMARK [2][-]{subsection.2.2}{\376\377\004\046\004\065\004\073\004\114\000\040\004\070\000\040\004\075\004\060\004\067\004\075\004\060\004\107\004\065\004\075\004\070\004\065\000\040\004\100\004\060\004\067\004\100\004\060\004\061\004\076\004\102\004\072\004\070}{section.2}% 21
\BOOKMARK [2][-]{subsection.2.3}{\376\377\004\042\004\100\004\065\004\061\004\076\004\062\004\060\004\075\004\070\004\117\000\040\004\072\000\040\004\077\004\100\004\076\004\063\004\100\004\060\004\074\004\074\004\075\004\076\004\071\000\040\004\101\004\070\004\101\004\102\004\065\004\074\004\065}{section.2}% 22
\BOOKMARK [3][-]{subsubsection.2.3.1}{\376\377\004\042\004\100\004\065\004\061\004\076\004\062\004\060\004\075\004\070\004\117\000\040\004\072\000\040\004\064\004\060\004\075\004\075\004\113\004\074\000\040\004\077\004\100\004\076\004\063\004\100\004\060\004\074\004\074\004\075\004\076\000-\004\070\004\075\004\104\004\076\004\100\004\074\004\060\004\106\004\070\004\076\004\075\004\075\004\076\004\071\000\040\004\101\004\070\004\101\004\102\004\065\004\074\004\113}{subsection.2.3}% 23
\BOOKMARK [3][-]{subsubsection.2.3.2}{\376\377\004\044\004\103\004\075\004\072\004\106\004\070\004\076\004\075\004\060\004\073\004\114\004\075\004\113\004\065\000\040\004\102\004\100\004\065\004\061\004\076\004\062\004\060\004\075\004\070\004\117\000\040\004\072\000\040\004\077\004\100\004\076\004\063\004\100\004\060\004\074\004\074\004\075\004\076\004\071\000\040\004\101\004\070\004\101\004\102\004\065\004\074\004\065}{subsection.2.3}% 24
\BOOKMARK [3][-]{subsubsection.2.3.3}{\376\377\004\042\004\100\004\065\004\061\004\076\004\062\004\060\004\075\004\070\004\117\000\040\004\072\000\040\004\063\004\100\004\060\004\104\004\070\004\107\004\065\004\101\004\072\004\076\004\074\004\103\000\040\004\070\004\075\004\102\004\065\004\100\004\104\004\065\004\071\004\101\004\103\000\040\004\077\004\100\004\076\004\063\004\100\004\060\004\074\004\074\004\113}{subsection.2.3}% 25
\BOOKMARK [2][-]{subsection.2.4}{\376\377\004\034\004\076\004\064\004\065\004\073\004\070\004\100\004\076\004\062\004\060\004\075\004\070\004\065\000\040\004\062\004\060\004\100\004\070\004\060\004\075\004\102\004\076\004\062\000\040\004\070\004\101\004\077\004\076\004\073\004\114\004\067\004\076\004\062\004\060\004\075\004\070\004\117}{section.2}% 26
\BOOKMARK [3][-]{subsubsection.2.4.1}{\376\377\004\022\004\060\004\100\004\070\004\060\004\075\004\102\000\040\004\070\004\101\004\077\004\076\004\073\004\114\004\067\004\076\004\062\004\060\004\075\004\070\004\117\000:\000\040\004\022\004\070\004\067\004\103\004\060\004\073\004\070\004\067\004\060\004\106\004\070\004\117\000\040\004\064\004\060\004\075\004\075\004\113\004\105\000\040\004\075\004\060\000\040\004\115\004\072\004\100\004\060\004\075\004\065}{subsection.2.4}% 27
\BOOKMARK [3][-]{subsubsection.2.4.2}{\376\377\004\022\004\060\004\100\004\070\004\060\004\075\004\102\000\040\004\070\004\101\004\077\004\076\004\073\004\114\004\067\004\076\004\062\004\060\004\075\004\070\004\117\000:\000\040\004\037\004\100\004\065\004\076\004\061\004\100\004\060\004\067\004\076\004\062\004\060\004\075\004\070\004\065\000\040\004\074\004\076\004\064\004\065\004\073\004\070\000\040\004\076\004\061\004\112\004\065\004\072\004\102\004\060}{subsection.2.4}% 28
\BOOKMARK [3][-]{subsubsection.2.4.3}{\376\377\004\022\004\060\004\100\004\070\004\060\004\075\004\102\000\040\004\070\004\101\004\077\004\076\004\073\004\114\004\067\004\076\004\062\004\060\004\075\004\070\004\117\000:\000\040\004\041\004\076\004\067\004\064\004\060\004\075\004\070\004\065\000\040\004\075\004\076\004\062\004\076\004\063\004\076\000\040\004\076\004\061\004\112\004\065\004\072\004\102\004\060}{subsection.2.4}% 29
\BOOKMARK [3][-]{subsubsection.2.4.4}{\376\377\004\022\004\060\004\100\004\070\004\060\004\075\004\102\000\040\004\070\004\101\004\077\004\076\004\073\004\114\004\067\004\076\004\062\004\060\004\075\004\070\004\117\000:\000\040\004\027\004\060\004\063\004\100\004\103\004\067\004\072\004\060\000\040\004\064\004\060\004\075\004\075\004\113\004\105\000\040\004\070\004\067\000\040\004\104\004\060\004\071\004\073\004\076\004\062\004\076\004\071\000\040\004\101\004\070\004\101\004\102\004\065\004\074\004\113}{subsection.2.4}% 30
\BOOKMARK [3][-]{subsubsection.2.4.5}{\376\377\004\022\004\060\004\100\004\070\004\060\004\075\004\102\000\040\004\070\004\101\004\077\004\076\004\073\004\114\004\067\004\076\004\062\004\060\004\075\004\070\004\117\000:\000\040\004\030\004\067\004\074\004\065\004\075\004\065\004\075\004\070\004\065\000\040\004\077\004\060\004\100\004\060\004\074\004\065\004\102\004\100\004\076\004\062\000\040\004\101\004\062\004\065\004\102\004\060}{subsection.2.4}% 31
\BOOKMARK [3][-]{subsubsection.2.4.6}{\376\377\004\022\004\060\004\100\004\070\004\060\004\075\004\102\000\040\004\070\004\101\004\077\004\076\004\073\004\114\004\067\004\076\004\062\004\060\004\075\004\070\004\117\000:\000\040\004\043\004\077\004\100\004\060\004\062\004\073\004\065\004\075\004\070\004\065\000\040\004\062\004\070\004\100\004\102\004\103\004\060\004\073\004\114\004\075\004\076\004\071\000\040\004\072\004\060\004\074\004\065\004\100\004\076\004\071}{subsection.2.4}% 32
\BOOKMARK [2][-]{subsection.2.5}{\376\377\004\035\004\065\004\104\004\103\004\075\004\072\004\106\004\070\004\076\004\075\004\060\004\073\004\114\004\075\004\113\004\065\000\040\004\102\004\100\004\065\004\061\004\076\004\062\004\060\004\075\004\070\004\117\000\040\004\072\000\040\004\077\004\100\004\076\004\063\004\100\004\060\004\074\004\074\004\075\004\076\004\071\000\040\004\101\004\070\004\101\004\102\004\065\004\074\004\065}{section.2}% 33
\BOOKMARK [2][-]{subsection.2.6}{\376\377\004\042\004\100\004\065\004\061\004\076\004\062\004\060\004\075\004\070\004\117\000\040\004\072\000\040\004\076\004\104\004\076\004\100\004\074\004\073\004\065\004\075\004\070\004\116\000\040\004\064\004\076\004\072\004\103\004\074\004\065\004\075\004\102\004\060\004\106\004\070\004\070}{section.2}% 34
\BOOKMARK [1][-]{section.3}{\376\377\004\042\004\065\004\105\004\075\004\070\004\107\004\065\004\101\004\072\004\070\004\071\000\040\004\077\004\100\004\076\004\065\004\072\004\102}{}% 35
\BOOKMARK [2][-]{subsection.3.1}{\376\377\004\036\004\061\004\111\004\060\004\117\000\040\004\105\004\060\004\100\004\060\004\072\004\102\004\065\004\100\004\070\004\101\004\102\004\070\004\072\004\060\000\040\004\076\004\100\004\063\004\060\004\075\004\070\004\067\004\060\004\106\004\070\004\070\000\040\004\100\004\065\004\110\004\065\004\075\004\070\004\117\000\040\004\067\004\060\004\064\004\060\004\107\004\070}{section.3}% 36
\BOOKMARK [2][-]{subsection.3.2}{\376\377\004\036\004\061\004\076\004\101\004\075\004\076\004\062\004\060\004\075\004\070\004\065\000\040\004\062\004\113\004\061\004\076\004\100\004\060\000\040\004\102\004\065\004\105\004\075\004\076\004\073\004\076\004\063\004\070\004\070\000\040\004\077\004\100\004\076\004\065\004\072\004\102\004\070\004\100\004\076\004\062\004\060\004\075\004\070\004\117}{section.3}% 37
\BOOKMARK [2][-]{subsection.3.3}{\376\377\004\036\004\077\004\070\004\101\004\060\004\075\004\070\004\065\000\040\004\070\004\101\004\077\004\076\004\073\004\114\004\067\004\103\004\065\004\074\004\113\004\105\000\040\004\102\004\065\004\105\004\075\004\076\004\073\004\076\004\063\004\070\004\071\000\040\004\070\000\040\004\117\004\067\004\113\004\072\004\076\004\062\000\040\004\077\004\100\004\076\004\063\004\100\004\060\004\074\004\074\004\070\004\100\004\076\004\062\004\060\004\075\004\070\004\117}{section.3}% 38
\BOOKMARK [3][-]{subsubsection.3.3.1}{\376\377\004\057\004\067\004\113\004\072\000\040\004\077\004\100\004\076\004\063\004\100\004\060\004\074\004\074\004\070\004\100\004\076\004\062\004\060\004\075\004\070\004\117\000\040\000C\000\043}{subsection.3.3}% 39
\BOOKMARK [4][-]{paragraph.3.3.1.1}{\376\377\004\036\004\101\004\076\004\061\004\065\004\075\004\075\004\076\004\101\004\102\004\070\000\040\004\117\004\067\004\113\004\072\004\060\000\040\000C\000\043}{subsubsection.3.3.1}% 40
\BOOKMARK [3][-]{subsubsection.3.3.2}{\376\377\004\041\004\077\004\065\004\106\004\070\004\104\004\070\004\072\004\060\004\106\004\070\004\117\000\040\000O\000p\000e\000n\000G\000L\000\040\0004\000.\0006}{subsection.3.3}% 41
\BOOKMARK [4][-]{paragraph.3.3.2.1}{\376\377\004\036\004\101\004\076\004\061\004\065\004\075\004\075\004\076\004\101\004\102\004\070\000\040\004\101\004\077\004\065\004\106\004\070\004\104\004\070\004\072\004\060\004\106\004\070\004\070\000\040\000O\000p\000e\000n\000G\000L}{subsubsection.3.3.2}% 42
\BOOKMARK [2][-]{subsection.3.4}{\376\377\004\024\004\070\004\060\004\063\004\100\004\060\004\074\004\074\004\060\000\040\004\072\004\073\004\060\004\101\004\101\004\076\004\062\000\040\004\070\000\040\004\072\004\076\004\074\004\077\004\076\004\075\004\065\004\075\004\102\004\076\004\062\000\040\004\077\004\100\004\076\004\063\004\100\004\060\004\074\004\074\004\113}{section.3}% 43
\BOOKMARK [3][-]{subsubsection.3.4.1}{\376\377\004\024\004\070\004\060\004\063\004\100\004\060\004\074\004\074\004\060\000\040\004\072\004\073\004\060\004\101\004\101\004\076\004\062}{subsection.3.4}% 44
\BOOKMARK [4][-]{paragraph.3.4.1.1}{\376\377\004\032\004\073\004\060\004\101\004\101\000\040\000M\000o\000d\000e\000l}{subsubsection.3.4.1}% 45
\BOOKMARK [4][-]{paragraph.3.4.1.2}{\376\377\004\032\004\073\004\060\004\101\004\101\000\040\000T\000e\000x\000t\000u\000r\000e}{subsubsection.3.4.1}% 46
\BOOKMARK [4][-]{paragraph.3.4.1.3}{\376\377\004\032\004\073\004\060\004\101\004\101\000\040\000S\000c\000e\000n\000e}{subsubsection.3.4.1}% 47
\BOOKMARK [4][-]{paragraph.3.4.1.4}{\376\377\004\032\004\073\004\060\004\101\004\101\000\040\000S\000h\000a\000d\000e\000r}{subsubsection.3.4.1}% 48
\BOOKMARK [4][-]{paragraph.3.4.1.5}{\376\377\004\032\004\073\004\060\004\101\004\101\000\040\000C\000a\000m\000e\000r\000a}{subsubsection.3.4.1}% 49
\BOOKMARK [4][-]{paragraph.3.4.1.6}{\376\377\004\032\004\073\004\060\004\101\004\101\000\040\000M\000o\000d\000e\000l}{subsubsection.3.4.1}% 50
\BOOKMARK [4][-]{paragraph.3.4.1.7}{\376\377\004\032\004\073\004\060\004\101\004\101\000\040\000I\000n\000s\000p\000e\000c\000t\000o\000r}{subsubsection.3.4.1}% 51
\BOOKMARK [4][-]{paragraph.3.4.1.8}{\376\377\004\032\004\073\004\060\004\101\004\101\000\040\000G\000a\000m\000e\000W\000i\000n\000d\000o\000w}{subsubsection.3.4.1}% 52
\BOOKMARK [3][-]{subsubsection.3.4.2}{\376\377\004\024\004\070\004\060\004\063\004\100\004\060\004\074\004\074\004\060\000\040\004\072\004\076\004\074\004\077\004\076\004\075\004\065\004\075\004\102\004\076\004\062}{subsection.3.4}% 53
\BOOKMARK [4][-]{paragraph.3.4.2.1}{\376\377\004\032\004\076\004\074\004\077\004\076\004\075\004\065\004\075\004\102\000\040\004\044\004\060\004\071\004\073\000\040\000O\000B\000J}{subsubsection.3.4.2}% 54
\BOOKMARK [4][-]{paragraph.3.4.2.2}{\376\377\004\032\004\076\004\074\004\077\004\076\004\075\004\065\004\075\004\102\000\040\004\037\004\060\004\100\004\101\004\065\004\100}{subsubsection.3.4.2}% 55
\BOOKMARK [4][-]{paragraph.3.4.2.3}{\376\377\004\032\004\076\004\074\004\077\004\076\004\075\004\065\004\075\004\102\000\040\004\034\004\076\004\064\004\065\004\073\004\114}{subsubsection.3.4.2}% 56
\BOOKMARK [4][-]{paragraph.3.4.2.4}{\376\377\004\032\004\076\004\074\004\077\004\076\004\075\004\065\004\075\004\102\000\040\004\044\004\060\004\071\004\073\000\040\004\070\004\067\004\076\004\061\004\100\004\060\004\066\004\065\004\075\004\070\004\117\000\040\004\102\004\065\004\072\004\101\004\102\004\103\004\100\004\113}{subsubsection.3.4.2}% 57
\BOOKMARK [4][-]{paragraph.3.4.2.5}{\376\377\004\032\004\076\004\074\004\077\004\076\004\075\004\065\004\075\004\102\000\040\004\042\004\065\004\072\004\101\004\102\004\103\004\100\004\060}{subsubsection.3.4.2}% 58
\BOOKMARK [4][-]{paragraph.3.4.2.6}{\376\377\004\032\004\076\004\074\004\077\004\076\004\075\004\065\004\075\004\102\000\040\004\044\004\060\004\071\004\073\000\040\000s\000c\000e\000n\000e\000.\000d\000a\000t\000a}{subsubsection.3.4.2}% 59
\BOOKMARK [4][-]{paragraph.3.4.2.7}{\376\377\004\032\004\076\004\074\004\077\004\076\004\075\004\065\004\075\004\102\000\040\004\041\004\106\004\065\004\075\004\060}{subsubsection.3.4.2}% 60
\BOOKMARK [4][-]{paragraph.3.4.2.8}{\376\377\004\032\004\076\004\074\004\077\004\076\004\075\004\065\004\075\004\102\000\040\004\030\004\075\004\101\004\077\004\065\004\072\004\102\004\076\004\100}{subsubsection.3.4.2}% 61
\BOOKMARK [4][-]{paragraph.3.4.2.9}{\376\377\004\032\004\076\004\074\004\077\004\076\004\075\004\065\004\075\004\102\000\040\004\032\004\060\004\074\004\065\004\100\004\060}{subsubsection.3.4.2}% 62
\BOOKMARK [4][-]{paragraph.3.4.2.10}{\376\377\004\032\004\076\004\074\004\077\004\076\004\075\004\065\004\075\004\102\000\040\004\036\004\101\004\062\004\065\004\111\004\065\004\075\004\070\004\065}{subsubsection.3.4.2}% 63
\BOOKMARK [4][-]{paragraph.3.4.2.11}{\376\377\004\032\004\076\004\074\004\077\004\076\004\075\004\065\004\075\004\102\000\040\004\050\004\065\004\071\004\064\004\065\004\100\004\076\004\062}{subsubsection.3.4.2}% 64
\BOOKMARK [4][-]{paragraph.3.4.2.12}{\376\377\004\034\004\076\004\064\004\103\004\073\004\114\000\040\004\023\004\100\004\060\004\104\004\070\004\107\004\065\004\101\004\072\004\070\004\071\000\040\004\062\004\070\004\067\004\103\004\060\004\073\004\070\004\067\004\060\004\102\004\076\004\100}{subsubsection.3.4.2}% 65
\BOOKMARK [4][-]{paragraph.3.4.2.13}{\376\377\004\032\004\076\004\074\004\077\004\076\004\075\004\065\004\075\004\102\000\040\004\037\004\100\004\076\004\063\004\100\004\060\004\074\004\074\004\060}{subsubsection.3.4.2}% 66
\BOOKMARK [2][-]{subsection.3.5}{\376\377\004\036\004\077\004\070\004\101\004\060\004\075\004\070\004\065\000\040\004\104\004\060\004\071\004\073\004\076\004\062\000\040\004\102\004\100\004\121\004\105\004\074\004\065\004\100\004\075\004\113\004\105\000\040\004\064\004\060\004\075\004\075\004\113\004\105\000\040\004\104\004\076\004\100\004\074\004\060\004\102\004\060\000\040\000O\000B\000J}{section.3}% 67
\BOOKMARK [2][-]{subsection.3.6}{\376\377\004\036\004\077\004\070\004\101\004\060\004\075\004\070\004\065\000\040\004\100\004\060\004\061\004\076\004\102\004\113\000\040\004\077\004\060\004\100\004\101\004\065\004\100\004\060}{section.3}% 68
\BOOKMARK [2][-]{subsection.3.7}{\376\377\004\041\004\070\004\101\004\102\004\065\004\074\004\060\000\040\004\105\004\100\004\060\004\075\004\065\004\075\004\070\004\117\000\040\004\064\004\060\004\075\004\075\004\113\004\105\000\040\004\062\004\075\004\103\004\102\004\100\004\070\000\040\004\077\004\100\004\076\004\065\004\072\004\102\004\060}{section.3}% 69
\BOOKMARK [3][-]{subsubsection.3.7.1}{\376\377\004\044\004\060\004\071\004\073\000\040\000R\000e\000s\000o\000u\000r\000c\000e\000.\000d\000a\000t\000a}{subsection.3.7}% 70
\BOOKMARK [3][-]{subsubsection.3.7.2}{\376\377\004\044\004\060\004\071\004\073\000\040\000O\000b\000j\000e\000c\000t\000s\000.\000d\000a\000t\000a}{subsection.3.7}% 71
\BOOKMARK [2][-]{subsection.3.8}{\376\377\004\037\004\100\004\076\004\065\004\072\004\102\004\070\004\100\004\076\004\062\004\060\004\075\004\070\004\065\000\040\004\077\004\076\004\073\004\114\004\067\004\076\004\062\004\060\004\102\004\065\004\073\004\114\004\101\004\072\004\076\004\063\004\076\000\040\004\070\004\075\004\102\004\065\004\100\004\104\004\065\004\071\004\101\004\060}{section.3}% 72
\BOOKMARK [3][-]{subsubsection.3.8.1}{\376\377\004\023\004\073\004\060\004\062\004\075\004\076\004\065\000\040\004\076\004\072\004\075\004\076\000\040\004\077\004\100\004\076\004\063\004\100\004\060\004\074\004\074\004\113}{subsection.3.8}% 73
\BOOKMARK [3][-]{subsubsection.3.8.2}{\376\377\004\036\004\072\004\075\004\076\000\040\004\070\004\075\004\101\004\077\004\065\004\072\004\102\004\076\004\100\004\060}{subsection.3.8}% 74
\BOOKMARK [3][-]{subsubsection.3.8.3}{\376\377\004\022\004\072\004\073\004\060\004\064\004\072\004\070\000\040\004\076\004\072\004\076\004\075\000\040\004\070\004\075\004\101\004\077\004\065\004\072\004\102\004\076\004\100\004\060}{subsection.3.8}% 75
\BOOKMARK [3][-]{subsubsection.3.8.4}{\376\377\004\020\004\072\004\102\004\070\004\062\004\075\004\076\004\065\000\040\004\074\004\065\004\075\004\116\000\040\004\062\004\072\004\073\004\060\004\064\004\072\004\070\000\040\004\070\004\075\004\101\004\077\004\065\004\072\004\102\004\076\004\100\004\060}{subsection.3.8}% 76
\BOOKMARK [4][-]{paragraph.3.8.4.1}{\376\377\004\022\004\072\004\073\004\060\004\064\004\072\004\060\000\040\000\253\004\036\004\061\004\112\004\065\004\072\004\102\000\273}{subsubsection.3.8.4}% 77
\BOOKMARK [4][-]{paragraph.3.8.4.2}{\376\377\004\022\004\072\004\073\004\060\004\064\004\072\004\060\000\040\000\253\004\030\004\075\004\101\004\077\004\065\004\072\004\102\004\076\004\100\000\273}{subsubsection.3.8.4}% 78
\BOOKMARK [4][-]{paragraph.3.8.4.3}{\376\377\004\022\004\072\004\073\004\060\004\064\004\072\004\060\000\040\000\253\004\034\004\076\004\064\004\065\004\073\004\070\000\040\004\070\000\040\004\102\004\065\004\072\004\101\004\102\004\103\004\100\004\113\000\273}{subsubsection.3.8.4}% 79
\BOOKMARK [4][-]{paragraph.3.8.4.4}{\376\377\004\022\004\072\004\073\004\060\004\064\004\072\004\060\000\040\000\253\004\041\004\062\004\065\004\102\000\273}{subsubsection.3.8.4}% 80
\BOOKMARK [1][-]{section.4}{\376\377\004\040\004\060\004\061\004\076\004\107\004\070\004\071\000\040\004\077\004\100\004\076\004\065\004\072\004\102}{}% 81
\BOOKMARK [2][-]{subsection.4.1}{\376\377\004\032\004\073\004\060\004\101\004\101\004\113\000,\000\040\004\070\004\101\004\077\004\076\004\073\004\114\004\067\004\076\004\062\004\060\004\075\004\075\004\113\004\065\000\040\004\077\004\100\004\070\000\040\004\100\004\060\004\067\004\100\004\060\004\061\004\076\004\102\004\072\004\065\000\040\004\077\004\100\004\076\004\063\004\100\004\060\004\074\004\074\004\075\004\076\004\071\000\040\004\101\004\070\004\101\004\102\004\065\004\074\004\113}{section.4}% 82
\BOOKMARK [2][-]{subsection.4.2}{\376\377\004\041\004\070\004\101\004\102\004\065\004\074\004\075\004\076\004\065\000\040\004\102\004\065\004\101\004\102\004\070\004\100\004\076\004\062\004\060\004\075\004\070\004\065\000\040\004\100\004\060\004\067\004\100\004\060\004\061\004\076\004\102\004\060\004\075\004\075\004\076\004\071\000\040\004\077\004\100\004\076\004\063\004\100\004\060\004\074\004\074\004\075\004\076\004\071\000\040\004\101\004\070\004\101\004\102\004\065\004\074\004\113}{section.4}% 83
\BOOKMARK [3][-]{subsubsection.4.2.1}{\376\377\004\042\004\065\004\101\004\102\004\076\004\062\004\113\004\071\000\040\004\101\004\073\004\103\004\107\004\060\004\071\000:\000\040\004\030\004\075\004\070\004\106\004\070\004\060\004\073\004\070\004\067\004\060\004\106\004\070\004\117\000\040\004\100\004\065\004\101\004\103\004\100\004\101\004\076\004\062\000\040\004\077\004\100\004\076\004\063\004\100\004\060\004\074\004\074\004\113}{subsection.4.2}% 84
\BOOKMARK [3][-]{subsubsection.4.2.2}{\376\377\004\042\004\065\004\101\004\102\004\076\004\062\004\113\004\071\000\040\004\101\004\073\004\103\004\107\004\060\004\071\000:\000\040\004\022\004\070\004\067\004\103\004\060\004\073\004\070\004\067\004\060\004\106\004\070\004\117\000\040\004\076\004\061\004\112\004\065\004\072\004\102\004\060\000\040\004\075\004\060\000\040\004\101\004\106\004\065\004\075\004\065}{subsection.4.2}% 85
\BOOKMARK [3][-]{subsubsection.4.2.3}{\376\377\004\042\004\065\004\101\004\102\004\076\004\062\004\113\004\071\000\040\004\101\004\073\004\103\004\107\004\060\004\071\000:\000\040\004\035\004\060\004\101\004\102\004\100\004\076\004\071\004\072\004\060\000\040\004\076\004\101\004\062\004\065\004\111\004\065\004\075\004\070\004\117}{subsection.4.2}% 86
\BOOKMARK [3][-]{subsubsection.4.2.4}{\376\377\004\042\004\065\004\101\004\102\004\076\004\062\004\113\004\071\000\040\004\101\004\073\004\103\004\107\004\060\004\071\000:\000\040\004\042\004\100\004\060\004\075\004\101\004\104\004\076\004\100\004\074\004\060\004\106\004\070\004\117\000\040\004\076\004\061\004\112\004\065\004\072\004\102\004\060}{subsection.4.2}% 87
\BOOKMARK [3][-]{subsubsection.4.2.5}{\376\377\004\042\004\065\004\101\004\102\004\076\004\062\004\113\004\071\000\040\004\101\004\073\004\103\004\107\004\060\004\071\000:\000\040\004\030\004\074\004\077\004\076\004\100\004\102\004\070\004\100\004\076\004\062\004\060\004\075\004\070\004\065\000\040\004\100\004\065\004\101\004\103\004\100\004\101\004\076\004\062\000\040\004\062\000\040\004\077\004\100\004\076\004\065\004\072\004\102}{subsection.4.2}% 88
\BOOKMARK [3][-]{subsubsection.4.2.6}{\376\377\004\042\004\065\004\101\004\102\004\076\004\062\004\113\004\071\000\040\004\101\004\073\004\103\004\107\004\060\004\071\000:\000\040\004\043\004\064\004\060\004\073\004\065\004\075\004\070\004\065\000\040\004\100\004\065\004\101\004\103\004\100\004\101\004\076\004\062\000\040\004\070\004\067\000\040\004\077\004\100\004\076\004\065\004\072\004\102\004\060}{subsection.4.2}% 89
\BOOKMARK [3][-]{subsubsection.4.2.7}{\376\377\004\042\004\065\004\101\004\102\004\076\004\062\004\113\004\071\000\040\004\101\004\073\004\103\004\107\004\060\004\071\000:\000\040\004\041\004\076\004\067\004\064\004\060\004\075\004\070\004\065\000\040\004\075\004\076\004\062\004\076\004\063\004\076\000\040\004\076\004\061\004\112\004\065\004\072\004\102\004\060}{subsection.4.2}% 90
\BOOKMARK [1][-]{section*.45}{\376\377\004\027\004\020\004\032\004\033\004\056\004\047\004\025\004\035\004\030\004\025}{}% 91
\BOOKMARK [1][-]{Item.19}{\376\377\004\041\004\037\004\030\004\041\004\036\004\032\000\040\004\030\004\041\004\037\004\036\004\033\004\054\004\027\004\036\004\022\004\020\004\035\004\035\004\053\004\045\000\040\004\030\004\041\004\042\004\036\004\047\004\035\004\030\004\032\004\036\004\022}{}% 92
\BOOKMARK [1][-]{section*.47}{\376\377\004\037\004\040\004\030\004\033\004\036\004\026\004\025\004\035\004\030\004\025\000\040\004\020\000\040\004\037\004\100\004\065\004\064\004\101\004\102\004\060\004\062\004\073\004\065\004\075\004\070\004\065\000\040\004\063\004\100\004\060\004\104\004\070\004\107\004\065\004\101\004\072\004\076\004\063\004\076\000\040\004\074\004\060\004\102\004\065\004\100\004\070\004\060\004\073\004\060}{}% 93
\BOOKMARK [1][-]{section*.57}{\376\377\004\037\004\040\004\030\004\033\004\036\004\026\004\025\004\035\004\030\004\025\000\040\004\021\000\040\004\037\004\100\004\070\004\074\004\065\004\100\000\040\004\101\004\076\004\064\004\065\004\100\004\066\004\060\004\075\004\070\004\117\000\040\000O\000B\000J\000-\004\104\004\060\004\071\004\073\004\060}{}% 94
\BOOKMARK [1][-]{section*.58}{\376\377\004\037\004\040\004\030\004\033\004\036\004\026\004\025\004\035\004\030\004\025\000\040\004\022\000\040\004\037\004\100\004\070\004\074\004\065\004\100\000\040\004\101\004\076\004\064\004\065\004\100\004\066\004\060\004\075\004\070\004\117\000\040\004\104\004\060\004\071\004\073\004\076\004\062\000,\000\040\004\076\004\077\004\070\004\101\004\113\004\062\004\060\004\116\004\111\004\070\004\065\000\040\004\105\004\100\004\060\004\075\004\070\004\074\004\113\004\065\000\040\004\100\004\065\004\101\004\103\004\100\004\101\004\113\000\040\004\077\004\100\004\076\004\065\004\072\004\102\004\060}{}% 95
\BOOKMARK [1][-]{section*.59}{\376\377\004\037\004\040\004\030\004\033\004\036\004\026\004\025\004\035\004\030\004\025\000\040\004\023\000\040\004\033\004\070\004\101\004\102\004\070\004\075\004\063\000\040\004\104\004\100\004\060\004\063\004\074\004\065\004\075\004\102\004\060\000\040\004\077\004\100\004\076\004\063\004\100\004\060\004\074\004\074\004\113\000\040\004\077\004\060\004\100\004\101\004\065\004\100\004\060}{}% 96
\BOOKMARK [1][-]{lstnumber.-4.262}{\376\377\004\035\004\060\000\040\004\076\004\102\004\064\004\065\004\073\004\114\004\075\004\113\004\105\000\040\004\073\004\070\004\101\004\102\004\060\004\105\000\040\000\050\000C\000D\000-\000R\000W\000\040\004\062\000\040\004\077\004\100\004\070\004\072\004\100\004\065\004\077\004\073\004\065\004\075\004\075\004\076\004\074\000\040\004\072\004\076\004\075\004\062\004\065\004\100\004\102\004\065\000\051}{}% 97
